[0m13:36:59.750721 [debug] [MainThread]: Sending event: {'category': 'dbt', 'action': 'invocation', 'label': 'start', 'context': [<snowplow_tracker.self_describing_json.SelfDescribingJson object at 0x000002C35AF135C0>, <snowplow_tracker.self_describing_json.SelfDescribingJson object at 0x000002C35AF13620>, <snowplow_tracker.self_describing_json.SelfDescribingJson object at 0x000002C35AF13680>]}


============================== 13:36:59.782659 | 735c9c0f-be3c-4d56-b5ce-9234e32e6d66 ==============================
[0m13:36:59.782659 [info ] [MainThread]: Running with dbt=1.10.4
[0m13:36:59.783677 [debug] [MainThread]: running dbt with arguments {'printer_width': '80', 'indirect_selection': 'eager', 'log_cache_events': 'False', 'write_json': 'True', 'partial_parse': 'True', 'cache_selected_only': 'False', 'profiles_dir': 'C:\\Users\\gagur\\Videos\\ethiopian-medical-data-platform\\dbt', 'debug': 'False', 'warn_error': 'None', 'log_path': 'logs', 'version_check': 'True', 'fail_fast': 'False', 'use_colors': 'True', 'use_experimental_parser': 'False', 'no_print': 'None', 'quiet': 'False', 'empty': 'None', 'warn_error_options': 'WarnErrorOptionsV2(error=[], warn=[], silence=[])', 'invocation_command': 'dbt init medical_analytics', 'log_format': 'default', 'introspect': 'True', 'target_path': 'None', 'static_parser': 'True', 'send_anonymous_usage_stats': 'True'}
[0m13:37:00.075418 [debug] [MainThread]: Starter project path: C:\Users\gagur\Videos\ethiopian-medical-data-platform\venv\Lib\site-packages\dbt\include\starter_project
[0m13:37:00.121646 [info ] [MainThread]: 
Your new dbt project "medical_analytics" was created!

For more information on how to configure the profiles.yml file,
please consult the dbt documentation here:

  https://docs.getdbt.com/docs/configure-your-profile

One more thing:

Need help? Don't hesitate to reach out to us via GitHub issues or on Slack:

  https://community.getdbt.com/

Happy modeling!

[0m13:37:00.122647 [info ] [MainThread]: Setting up your profile.
[0m13:38:19.184654 [info ] [MainThread]: Profile medical_analytics written to C:\Users\gagur\Videos\ethiopian-medical-data-platform\dbt\profiles.yml using target's profile_template.yml and your supplied values. Run 'dbt debug' to validate the connection.
[0m13:38:19.185665 [debug] [MainThread]: Command `dbt init` succeeded at 13:38:19.185665 after 79.64 seconds
[0m13:38:19.187175 [debug] [MainThread]: Sending event: {'category': 'dbt', 'action': 'invocation', 'label': 'end', 'context': [<snowplow_tracker.self_describing_json.SelfDescribingJson object at 0x000002C35A820A40>, <snowplow_tracker.self_describing_json.SelfDescribingJson object at 0x000002C35A9E0D40>, <snowplow_tracker.self_describing_json.SelfDescribingJson object at 0x000002C35A781880>]}
[0m13:38:19.187175 [debug] [MainThread]: Flushing usage events
[0m13:38:20.596250 [debug] [MainThread]: An error was encountered while trying to flush usage events
[0m13:42:32.364103 [debug] [MainThread]: Sending event: {'category': 'dbt', 'action': 'invocation', 'label': 'start', 'context': [<snowplow_tracker.self_describing_json.SelfDescribingJson object at 0x000001AF7C2B4530>, <snowplow_tracker.self_describing_json.SelfDescribingJson object at 0x000001AF815C3980>, <snowplow_tracker.self_describing_json.SelfDescribingJson object at 0x000001AF815C3680>]}


============================== 13:42:32.369108 | 2e957cf0-864b-4ed8-80ea-e8c9a2147244 ==============================
[0m13:42:32.369108 [info ] [MainThread]: Running with dbt=1.10.4
[0m13:42:32.370108 [debug] [MainThread]: running dbt with arguments {'printer_width': '80', 'indirect_selection': 'eager', 'write_json': 'True', 'log_cache_events': 'False', 'partial_parse': 'True', 'cache_selected_only': 'False', 'profiles_dir': 'C:\\Users\\gagur\\Videos\\ethiopian-medical-data-platform\\dbt', 'fail_fast': 'False', 'debug': 'False', 'log_path': 'logs', 'warn_error': 'None', 'version_check': 'True', 'use_colors': 'True', 'use_experimental_parser': 'False', 'no_print': 'None', 'quiet': 'False', 'empty': 'False', 'warn_error_options': 'WarnErrorOptionsV2(error=[], warn=[], silence=[])', 'invocation_command': 'dbt run', 'log_format': 'default', 'introspect': 'True', 'target_path': 'None', 'static_parser': 'True', 'send_anonymous_usage_stats': 'True'}
[0m13:42:32.370108 [error] [MainThread]: Encountered an error:
Runtime Error
  No dbt_project.yml found at expected path C:\Users\gagur\Videos\ethiopian-medical-data-platform\dbt\dbt_project.yml
  Verify that each entry within packages.yml (and their transitive dependencies) contains a file named dbt_project.yml
  
[0m13:42:32.372108 [debug] [MainThread]: Command `dbt run` failed at 13:42:32.372108 after 0.35 seconds
[0m13:42:32.373108 [debug] [MainThread]: Sending event: {'category': 'dbt', 'action': 'invocation', 'label': 'end', 'context': [<snowplow_tracker.self_describing_json.SelfDescribingJson object at 0x000001AF817939E0>, <snowplow_tracker.self_describing_json.SelfDescribingJson object at 0x000001AF8146D7F0>, <snowplow_tracker.self_describing_json.SelfDescribingJson object at 0x000001AF8134E8A0>]}
[0m13:42:32.373108 [debug] [MainThread]: Flushing usage events
[0m13:42:33.929783 [debug] [MainThread]: An error was encountered while trying to flush usage events
[0m13:42:55.890727 [debug] [MainThread]: Sending event: {'category': 'dbt', 'action': 'invocation', 'label': 'start', 'context': [<snowplow_tracker.self_describing_json.SelfDescribingJson object at 0x00000259BB3AF440>, <snowplow_tracker.self_describing_json.SelfDescribingJson object at 0x00000259BB267380>, <snowplow_tracker.self_describing_json.SelfDescribingJson object at 0x00000259B6848A40>]}


============================== 13:42:55.895724 | b156b11e-db9e-466c-aa55-16032f3adf1a ==============================
[0m13:42:55.895724 [info ] [MainThread]: Running with dbt=1.10.4
[0m13:42:55.896730 [debug] [MainThread]: running dbt with arguments {'printer_width': '80', 'indirect_selection': 'eager', 'log_cache_events': 'False', 'write_json': 'True', 'partial_parse': 'True', 'cache_selected_only': 'False', 'profiles_dir': 'C:\\Users\\gagur\\Videos\\ethiopian-medical-data-platform\\dbt', 'debug': 'False', 'fail_fast': 'False', 'log_path': 'logs', 'warn_error': 'None', 'version_check': 'True', 'use_colors': 'True', 'use_experimental_parser': 'False', 'no_print': 'None', 'quiet': 'False', 'empty': 'None', 'log_format': 'default', 'static_parser': 'True', 'introspect': 'True', 'warn_error_options': 'WarnErrorOptionsV2(error=[], warn=[], silence=[])', 'target_path': 'None', 'invocation_command': 'dbt test', 'send_anonymous_usage_stats': 'True'}
[0m13:42:55.897734 [error] [MainThread]: Encountered an error:
Runtime Error
  No dbt_project.yml found at expected path C:\Users\gagur\Videos\ethiopian-medical-data-platform\dbt\dbt_project.yml
  Verify that each entry within packages.yml (and their transitive dependencies) contains a file named dbt_project.yml
  
[0m13:42:55.898796 [debug] [MainThread]: Command `dbt test` failed at 13:42:55.898796 after 0.18 seconds
[0m13:42:55.899819 [debug] [MainThread]: Sending event: {'category': 'dbt', 'action': 'invocation', 'label': 'end', 'context': [<snowplow_tracker.self_describing_json.SelfDescribingJson object at 0x00000259BB3DCAD0>, <snowplow_tracker.self_describing_json.SelfDescribingJson object at 0x00000259BB92A510>, <snowplow_tracker.self_describing_json.SelfDescribingJson object at 0x00000259BB76D850>]}
[0m13:42:55.899819 [debug] [MainThread]: Flushing usage events
[0m13:42:57.085959 [debug] [MainThread]: An error was encountered while trying to flush usage events
